<?xml version="1.0" encoding="UTF-8"?>
<!-- Generated by org.testng.reporters.JUnitReportReporter -->
<testsuite hostname="DESKTOP-B5E7PTA" failures="0" tests="1" name="com.tests.SearchBoxTest" time="0.317" errors="0" timestamp="2025-03-29T14:25:13 IST" skipped="0">
  <testcase classname="com.tests.SearchBoxTest" name="seachBoxTest" time="0.317"/>
  <system-out/>
</testsuite> <!-- com.tests.SearchBoxTest -->
