<?xml version="1.0" encoding="UTF-8"?>
<!-- Generated by org.testng.reporters.JUnitReportReporter -->
<testsuite hostname="DESKTOP-B5E7PTA" failures="0" tests="1" name="com.tests.SearchBoxTest" time="14.014" errors="0" timestamp="2025-03-29T16:59:22 IST" skipped="0">
  <testcase classname="com.tests.SearchBoxTest" name="seachBoxTestEx" time="14.014"/>
  <system-out/>
</testsuite> <!-- com.tests.SearchBoxTest -->
