<?xml version="1.0" encoding="UTF-8"?>
<!-- Generated by org.testng.reporters.JUnitReportReporter -->
<testsuite hostname="DESKTOP-B5E7PTA" failures="0" tests="1" name="com.base.BaseClass" time="11.390" errors="0" timestamp="28 Mar 2025 07:46:10 GMT" skipped="0">
  <testcase classname="com.base.BaseClass" name="start" time="11.390"/>
</testsuite> <!-- com.base.BaseClass -->
